<?xml version="1.0" encoding="UTF-8"?>
<testng-results skipped="0" failed="0" ignored="0" total="2" passed="2">
  <reporter-output>
  </reporter-output>
  <suite name="Default suite" duration-ms="55850" started-at="2020-08-06T07:26:22Z" finished-at="2020-08-06T07:27:18Z">
    <groups>
    </groups>
    <test name="Default test" duration-ms="55850" started-at="2020-08-06T07:26:22Z" finished-at="2020-08-06T07:27:18Z">
      <class name="Tests.redbustest">
        <test-method status="PASS" signature="launchDriver()[pri:0, instance:Tests.redbustest@459e9125]" name="launchDriver" is-config="true" duration-ms="21465" started-at="2020-08-06T07:26:22Z" finished-at="2020-08-06T07:26:44Z">
          <reporter-output>
          </reporter-output>
        </test-method> <!-- launchDriver -->
        <test-method status="PASS" signature="bookticket()[pri:0, instance:Tests.redbustest@459e9125]" name="bookticket" duration-ms="16468" started-at="2020-08-06T07:26:44Z" finished-at="2020-08-06T07:27:00Z">
          <reporter-output>
          </reporter-output>
        </test-method> <!-- bookticket -->
        <test-method status="PASS" signature="launchDriver()[pri:0, instance:Tests.redbustest@459e9125]" name="launchDriver" is-config="true" duration-ms="17703" started-at="2020-08-06T07:27:00Z" finished-at="2020-08-06T07:27:18Z">
          <reporter-output>
          </reporter-output>
        </test-method> <!-- launchDriver -->
        <test-method status="PASS" signature="checkTitle()[pri:0, instance:Tests.redbustest@459e9125]" name="checkTitle" duration-ms="162" started-at="2020-08-06T07:27:18Z" finished-at="2020-08-06T07:27:18Z">
          <reporter-output>
          </reporter-output>
        </test-method> <!-- checkTitle -->
      </class> <!-- Tests.redbustest -->
    </test> <!-- Default test -->
  </suite> <!-- Default suite -->
</testng-results>
